<?xml version="1.0" encoding="UTF-8"?>
<!-- Generated by org.testng.reporters.JUnitReportReporter -->
<testsuite hostname="Prem-PC" failures="0" tests="1" name="Tests.PostAPITest" time="1.884" errors="0" timestamp="2021-08-28T18:58:58 IST" skipped="0">
  <testcase classname="Tests.PostAPITest" name="postAPITest" time="1.884"/>
  <system-out/>
</testsuite> <!-- Tests.PostAPITest -->
