<?xml version="1.0" encoding="UTF-8"?>
<!-- Generated by org.testng.reporters.JUnitReportReporter -->
<testsuite hostname="Prem-PC" failures="0" tests="2" name="Tests.GetAPITest" time="1.856" errors="0" timestamp="2021-08-23T19:11:24 IST" skipped="0">
  <testcase classname="Tests.GetAPITest" name="getTestWithoutHeaders" time="1.724"/>
  <system-out/>
  <testcase classname="Tests.GetAPITest" name="getTestWithHeaders" time="0.132"/>
  <system-out/>
</testsuite> <!-- Tests.GetAPITest -->
